This is pdfTeX, Version 3.1415926-2.5-1.40.14 (TeX Live 2013) (format=pdflatex 2013.10.17)  28 OCT 2014 15:34
entering extended mode
 restricted \write18 enabled.
 %&-line parsing enabled.
**draft.tex
(./draft.tex
LaTeX2e <2011/06/27>
Babel <3.9f> and hyphenation patterns for 77 languages loaded.
(/usr/share/texlive/texmf-dist/tex/latex/base/article.cls
Document Class: article 2007/10/19 v1.4h Standard LaTeX document class
(/usr/share/texlive/texmf-dist/tex/latex/base/size12.clo
File: size12.clo 2007/10/19 v1.4h Standard LaTeX file (size option)
)
\c@part=\count79
\c@section=\count80
\c@subsection=\count81
\c@subsubsection=\count82
\c@paragraph=\count83
\c@subparagraph=\count84
\c@figure=\count85
\c@table=\count86
\abovecaptionskip=\skip41
\belowcaptionskip=\skip42
\bibindent=\dimen102
)
(/usr/share/texlive/texmf-dist/tex/latex/base/inputenc.sty
Package: inputenc 2008/03/30 v1.1d Input encoding file
\inpenc@prehook=\toks14
\inpenc@posthook=\toks15

(/usr/share/texlive/texmf-dist/tex/latex/base/latin1.def
File: latin1.def 2008/03/30 v1.1d Input encoding file
))
(/usr/share/texlive/texmf-dist/tex/latex/amsfonts/amsfonts.sty
Package: amsfonts 2013/01/14 v3.01 Basic AMSFonts support
\@emptytoks=\toks16
\symAMSa=\mathgroup4
\symAMSb=\mathgroup5
LaTeX Font Info:    Overwriting math alphabet `\mathfrak' in version `bold'
(Font)                  U/euf/m/n --> U/euf/b/n on input line 106.
)
(/usr/share/texlive/texmf-dist/tex/latex/amsfonts/amssymb.sty
Package: amssymb 2013/01/14 v3.01 AMS font symbols
)
(/usr/share/texlive/texmf-dist/tex/latex/amscls/amsthm.sty
Package: amsthm 2004/08/06 v2.20
\thm@style=\toks17
\thm@bodyfont=\toks18
\thm@headfont=\toks19
\thm@notefont=\toks20
\thm@headpunct=\toks21
\thm@preskip=\skip43
\thm@postskip=\skip44
\thm@headsep=\skip45
\dth@everypar=\toks22
)
(/usr/share/texlive/texmf-dist/tex/latex/preprint/fullpage.sty
Package: fullpage 1999/02/23 1.1 (PWD)
\FP@margin=\skip46
)
(/usr/share/texlive/texmf-dist/tex/latex/setspace/setspace.sty
Package: setspace 2011/12/19 v6.7a set line spacing
)
(/usr/share/texlive/texmf-dist/tex/latex/graphics/graphicx.sty
Package: graphicx 1999/02/16 v1.0f Enhanced LaTeX Graphics (DPC,SPQR)

(/usr/share/texlive/texmf-dist/tex/latex/graphics/keyval.sty
Package: keyval 1999/03/16 v1.13 key=value parser (DPC)
\KV@toks@=\toks23
)
(/usr/share/texlive/texmf-dist/tex/latex/graphics/graphics.sty
Package: graphics 2009/02/05 v1.0o Standard LaTeX Graphics (DPC,SPQR)

(/usr/share/texlive/texmf-dist/tex/latex/graphics/trig.sty
Package: trig 1999/03/16 v1.09 sin cos tan (DPC)
)
(/usr/share/texlive/texmf-dist/tex/latex/latexconfig/graphics.cfg
File: graphics.cfg 2010/04/23 v1.9 graphics configuration of TeX Live
)
Package graphics Info: Driver file: pdftex.def on input line 91.

(/usr/share/texlive/texmf-dist/tex/latex/pdftex-def/pdftex.def
File: pdftex.def 2011/05/27 v0.06d Graphics/color for pdfTeX

(/usr/share/texlive/texmf-dist/tex/generic/oberdiek/infwarerr.sty
Package: infwarerr 2010/04/08 v1.3 Providing info/warning/error messages (HO)
)
(/usr/share/texlive/texmf-dist/tex/generic/oberdiek/ltxcmds.sty
Package: ltxcmds 2011/11/09 v1.22 LaTeX kernel commands for general use (HO)
)
\Gread@gobject=\count87
))
\Gin@req@height=\dimen103
\Gin@req@width=\dimen104
)
(/usr/share/texlive/texmf-dist/tex/latex/psfrag/psfrag.sty
Package: psfrag 1998/04/11 v3.04 PSfrag (MCG)
\pfg@pcount=\count88
\pfg@scount=\count89
\pfg@temp=\write3
)
(/usr/share/texlive/texmf-dist/tex/latex/graphics/color.sty
Package: color 2005/11/14 v1.0j Standard LaTeX Color (DPC)

(/usr/share/texlive/texmf-dist/tex/latex/latexconfig/color.cfg
File: color.cfg 2007/01/18 v1.5 color configuration of teTeX/TeXLive
)
Package color Info: Driver file: pdftex.def on input line 130.
)
(/usr/share/texlive/texmf-dist/tex/latex/graphics/epsfig.sty
Package: epsfig 1999/02/16 v1.7a (e)psfig emulation (SPQR)
\epsfxsize=\dimen105
\epsfysize=\dimen106
)
(/usr/share/texlive/texmf-dist/tex/latex/appendix/appendix.sty
Package: appendix 2009/09/02 v1.2b extra appendix facilities
\c@@pps=\count90
\c@@ppsavesec=\count91
\c@@ppsaveapp=\count92
)
(/usr/share/texlive/texmf-dist/tex/latex/caption/caption.sty
Package: caption 2013/05/02 v3.3-89 Customizing captions (AR)

(/usr/share/texlive/texmf-dist/tex/latex/caption/caption3.sty
Package: caption3 2013/05/02 v1.6-88 caption3 kernel (AR)
Package caption3 Info: TeX engine: e-TeX on input line 57.
\captionmargin=\dimen107
\captionmargin@=\dimen108
\captionwidth=\dimen109
\caption@tempdima=\dimen110
\caption@indent=\dimen111
\caption@parindent=\dimen112
\caption@hangindent=\dimen113
)
\c@ContinuedFloat=\count93
)
(/usr/share/texlive/texmf-dist/tex/latex/cite/cite.sty
LaTeX Info: Redefining \cite on input line 302.
LaTeX Info: Redefining \nocite on input line 373.
Package: cite 2010/09/10  v 5.3
)
(/usr/share/texlive/texmf-dist/tex/generic/oberdiek/ifpdf.sty
Package: ifpdf 2011/01/30 v2.3 Provides the ifpdf switch (HO)
Package ifpdf Info: pdfTeX in PDF mode is detected.
)
(/usr/share/texlive/texmf-dist/tex/latex/amsmath/amsmath.sty
Package: amsmath 2013/01/14 v2.14 AMS math features
\@mathmargin=\skip47

For additional information on amsmath, use the `?' option.
(/usr/share/texlive/texmf-dist/tex/latex/amsmath/amstext.sty
Package: amstext 2000/06/29 v2.01

(/usr/share/texlive/texmf-dist/tex/latex/amsmath/amsgen.sty
File: amsgen.sty 1999/11/30 v2.0
\@emptytoks=\toks24
\ex@=\dimen114
))
(/usr/share/texlive/texmf-dist/tex/latex/amsmath/amsbsy.sty
Package: amsbsy 1999/11/29 v1.2d
\pmbraise@=\dimen115
)
(/usr/share/texlive/texmf-dist/tex/latex/amsmath/amsopn.sty
Package: amsopn 1999/12/14 v2.01 operator names
)
\inf@bad=\count94
LaTeX Info: Redefining \frac on input line 210.
\uproot@=\count95
\leftroot@=\count96
LaTeX Info: Redefining \overline on input line 306.
\classnum@=\count97
\DOTSCASE@=\count98
LaTeX Info: Redefining \ldots on input line 378.
LaTeX Info: Redefining \dots on input line 381.
LaTeX Info: Redefining \cdots on input line 466.
\Mathstrutbox@=\box26
\strutbox@=\box27
\big@size=\dimen116
LaTeX Font Info:    Redeclaring font encoding OML on input line 566.
LaTeX Font Info:    Redeclaring font encoding OMS on input line 567.
\macc@depth=\count99
\c@MaxMatrixCols=\count100
\dotsspace@=\muskip10
\c@parentequation=\count101
\dspbrk@lvl=\count102
\tag@help=\toks25
\row@=\count103
\column@=\count104
\maxfields@=\count105
\andhelp@=\toks26
\eqnshift@=\dimen117
\alignsep@=\dimen118
\tagshift@=\dimen119
\tagwidth@=\dimen120
\totwidth@=\dimen121
\lineht@=\dimen122
\@envbody=\toks27
\multlinegap=\skip48
\multlinetaggap=\skip49
\mathdisplay@stack=\toks28
LaTeX Info: Redefining \[ on input line 2665.
LaTeX Info: Redefining \] on input line 2666.
)
(/usr/share/texlive/texmf-dist/tex/latex/algorithms/algorithmic.sty
Package: algorithmic 2009/08/24 v0.1 Document Style `algorithmic'

(/usr/share/texlive/texmf-dist/tex/latex/base/ifthen.sty
Package: ifthen 2001/05/26 v1.1c Standard LaTeX ifthen package (DPC)
)
\c@ALC@unique=\count106
\c@ALC@line=\count107
\c@ALC@rem=\count108
\c@ALC@depth=\count109
\ALC@tlm=\skip50
\algorithmicindent=\skip51
)
(/usr/share/texlive/texmf-dist/tex/latex/tools/array.sty
Package: array 2008/09/09 v2.4c Tabular extension package (FMi)
\col@sep=\dimen123
\extrarowheight=\dimen124
\NC@list=\toks29
\extratabsurround=\skip52
\backup@length=\skip53
)
(/usr/share/texlive/texmf-dist/tex/latex/sttools/stfloats.sty
Package: stfloats 2012/05/29 v1.1 Improve float mechanism and baselineskip sett
ings
\@dblbotnum=\count110
\c@dblbotnumber=\count111
)
(/usr/share/texlive/texmf-dist/tex/latex/url/url.sty
\Urlmuskip=\muskip11
Package: url 2006/04/12  ver 3.3  Verb mode for urls, etc.
)
(/usr/share/texlive/texmf-dist/tex/latex/base/fixltx2e.sty
Package: fixltx2e 2006/09/13 v1.1m fixes to LaTeX
LaTeX Info: Redefining \em on input line 420.
LaTeX Info: The control sequence `\[' is already robust on input line 471.
LaTeX Info: The control sequence `\]' is already robust on input line 472.
)
(/usr/share/texlive/texmf-dist/tex/latex/multirow/multirow.sty
\bigstrutjot=\dimen125
) (./draft.aux)
\openout1 = `draft.aux'.

LaTeX Font Info:    Checking defaults for OML/cmm/m/it on input line 402.
LaTeX Font Info:    ... okay on input line 402.
LaTeX Font Info:    Checking defaults for T1/cmr/m/n on input line 402.
LaTeX Font Info:    ... okay on input line 402.
LaTeX Font Info:    Checking defaults for OT1/cmr/m/n on input line 402.
LaTeX Font Info:    ... okay on input line 402.
LaTeX Font Info:    Checking defaults for OMS/cmsy/m/n on input line 402.
LaTeX Font Info:    ... okay on input line 402.
LaTeX Font Info:    Checking defaults for OMX/cmex/m/n on input line 402.
LaTeX Font Info:    ... okay on input line 402.
LaTeX Font Info:    Checking defaults for U/cmr/m/n on input line 402.
LaTeX Font Info:    ... okay on input line 402.

(/usr/share/texlive/texmf-dist/tex/context/base/supp-pdf.mkii
[Loading MPS to PDF converter (version 2006.09.02).]
\scratchcounter=\count112
\scratchdimen=\dimen126
\scratchbox=\box28
\nofMPsegments=\count113
\nofMParguments=\count114
\everyMPshowfont=\toks30
\MPscratchCnt=\count115
\MPscratchDim=\dimen127
\MPnumerator=\count116
\makeMPintoPDFobject=\count117
\everyMPtoPDFconversion=\toks31
) (/usr/share/texlive/texmf-dist/tex/generic/oberdiek/pdftexcmds.sty
Package: pdftexcmds 2011/11/29 v0.20 Utility functions of pdfTeX for LuaTeX (HO
)

(/usr/share/texlive/texmf-dist/tex/generic/oberdiek/ifluatex.sty
Package: ifluatex 2010/03/01 v1.3 Provides the ifluatex switch (HO)
Package ifluatex Info: LuaTeX not detected.
)
Package pdftexcmds Info: LuaTeX not detected.
Package pdftexcmds Info: \pdf@primitive is available.
Package pdftexcmds Info: \pdf@ifprimitive is available.
Package pdftexcmds Info: \pdfdraftmode found.
)
(/usr/share/texlive/texmf-dist/tex/latex/oberdiek/epstopdf-base.sty
Package: epstopdf-base 2010/02/09 v2.5 Base part for package epstopdf

(/usr/share/texlive/texmf-dist/tex/latex/oberdiek/grfext.sty
Package: grfext 2010/08/19 v1.1 Manage graphics extensions (HO)

(/usr/share/texlive/texmf-dist/tex/generic/oberdiek/kvdefinekeys.sty
Package: kvdefinekeys 2011/04/07 v1.3 Define keys (HO)
))
(/usr/share/texlive/texmf-dist/tex/latex/oberdiek/kvoptions.sty
Package: kvoptions 2011/06/30 v3.11 Key value format for package options (HO)

(/usr/share/texlive/texmf-dist/tex/generic/oberdiek/kvsetkeys.sty
Package: kvsetkeys 2012/04/25 v1.16 Key value parser (HO)

(/usr/share/texlive/texmf-dist/tex/generic/oberdiek/etexcmds.sty
Package: etexcmds 2011/02/16 v1.5 Avoid name clashes with e-TeX commands (HO)
Package etexcmds Info: Could not find \expanded.
(etexcmds)             That can mean that you are not using pdfTeX 1.50 or
(etexcmds)             that some package has redefined \expanded.
(etexcmds)             In the latter case, load this package earlier.
)))
Package grfext Info: Graphics extension search list:
(grfext)             [.png,.pdf,.jpg,.mps,.jpeg,.jbig2,.jb2,.PNG,.PDF,.JPG,.JPE
G,.JBIG2,.JB2,.eps]
(grfext)             \AppendGraphicsExtensions on input line 452.

(/usr/share/texlive/texmf-dist/tex/latex/latexconfig/epstopdf-sys.cfg
File: epstopdf-sys.cfg 2010/07/13 v1.3 Configuration of (r)epstopdf for TeX Liv
e
))
Package caption Info: Begin \AtBeginDocument code.
Package caption Info: End \AtBeginDocument code.
LaTeX Font Info:    Try loading font information for U+msa on input line 405.

(/usr/share/texlive/texmf-dist/tex/latex/amsfonts/umsa.fd
File: umsa.fd 2013/01/14 v3.01 AMS symbols A
)
LaTeX Font Info:    Try loading font information for U+msb on input line 405.

(/usr/share/texlive/texmf-dist/tex/latex/amsfonts/umsb.fd
File: umsb.fd 2013/01/14 v3.01 AMS symbols B
) [1
Non-PDF special ignored!

{/usr/share/texlive/texmf-var/fonts/map/pdftex/updmap/pdftex.map}] [2] [3] [4]
Overfull \hbox (7.6577pt too wide) in paragraph at lines 525--525
[]\OT1/cmr/bx/n/17.28 CUDA GPU Ar-chi-tec-ture and Pro-gram-ming Model 
 []

Package epstopdf Info: Source file: <CUDA_programming_hierachy.eps>
(epstopdf)                    date: 2014-10-17 01:25:27
(epstopdf)                    size: 1814347 bytes
(epstopdf)             Output file: <CUDA_programming_hierachy-eps-converted-to
.pdf>
(epstopdf)                    date: 2014-10-17 02:05:09
(epstopdf)                    size: 40684 bytes
(epstopdf)             Command: <repstopdf --outfile=CUDA_programming_hierachy-
eps-converted-to.pdf CUDA_programming_hierachy.eps>
(epstopdf)             \includegraphics on input line 530.
Package epstopdf Info: Output file is already uptodate.

<CUDA_programming_hierachy-eps-converted-to.pdf, id=23, 451.6875pt x 373.395pt>
File: CUDA_programming_hierachy-eps-converted-to.pdf Graphic file (type pdf)
<use CUDA_programming_hierachy-eps-converted-to.pdf>
Package pdftex.def Info: CUDA_programming_hierachy-eps-converted-to.pdf used on
 input line 530.
(pdftex.def)             Requested size: 225.84319pt x 186.69704pt.
 [5] [6 <./CUDA_programming_hierachy-eps-converted-to.pdf>] [7]
Package epstopdf Info: Source file: <High_view_of_CUDA_GPU_microarchitecture.ep
s>
(epstopdf)                    date: 2014-10-17 01:33:55
(epstopdf)                    size: 746360 bytes
(epstopdf)             Output file: <High_view_of_CUDA_GPU_microarchitecture-ep
s-converted-to.pdf>
(epstopdf)                    date: 2014-10-17 01:37:20
(epstopdf)                    size: 43852 bytes
(epstopdf)             Command: <repstopdf --outfile=High_view_of_CUDA_GPU_micr
oarchitecture-eps-converted-to.pdf High_view_of_CUDA_GPU_microarchitecture.eps>

(epstopdf)             \includegraphics on input line 540.
Package epstopdf Info: Output file is already uptodate.

<High_view_of_CUDA_GPU_microarchitecture-eps-converted-to.pdf, id=43, 507.8975p
t x 407.5225pt>
File: High_view_of_CUDA_GPU_microarchitecture-eps-converted-to.pdf Graphic file
 (type pdf)

<use High_view_of_CUDA_GPU_microarchitecture-eps-converted-to.pdf>
Package pdftex.def Info: High_view_of_CUDA_GPU_microarchitecture-eps-converted-
to.pdf used on input line 540.
(pdftex.def)             Requested size: 253.94814pt x 203.76074pt.
 [8]

LaTeX Warning: Citation `matrixtheory' on page 9 undefined on input line 559.

[9 <./High_view_of_CUDA_GPU_microarchitecture-eps-converted-to.pdf>]
Package epstopdf Info: Source file: <FCSD_tree_searching.eps>
(epstopdf)                    date: 2014-10-17 01:26:14
(epstopdf)                    size: 1081094 bytes
(epstopdf)             Output file: <FCSD_tree_searching-eps-converted-to.pdf>
(epstopdf)                    date: 2014-10-17 01:37:22
(epstopdf)                    size: 75400 bytes
(epstopdf)             Command: <repstopdf --outfile=FCSD_tree_searching-eps-co
nverted-to.pdf FCSD_tree_searching.eps>
(epstopdf)             \includegraphics on input line 577.
Package epstopdf Info: Output file is already uptodate.

<FCSD_tree_searching-eps-converted-to.pdf, id=53, 565.11125pt x 531.9875pt>
File: FCSD_tree_searching-eps-converted-to.pdf Graphic file (type pdf)

<use FCSD_tree_searching-eps-converted-to.pdf>
Package pdftex.def Info: FCSD_tree_searching-eps-converted-to.pdf used on input
 line 577.
(pdftex.def)             Requested size: 282.55493pt x 265.9931pt.
 [10] [11 <./FCSD_tree_searching-eps-converted-to.pdf>]

LaTeX Warning: Citation `Vblas' on page 12 undefined on input line 602.

[12]
Underfull \hbox (badness 2941) in paragraph at lines 626--626
\OT1/cmr/m/n/12 vector mul-ti-pli-
 []


Underfull \hbox (badness 1661) in paragraph at lines 626--627
[]|\OT1/cmr/m/n/12 cholesky fac-tor-
 []


Overfull \hbox (35.04898pt too wide) in paragraph at lines 624--635
 [][] 
 []

[13]
Package epstopdf Info: Source file: <CUDA_FCSD_block_diagram.eps>
(epstopdf)                    date: 2014-10-17 02:04:00
(epstopdf)                    size: 928188 bytes
(epstopdf)             Output file: <CUDA_FCSD_block_diagram-eps-converted-to.p
df>
(epstopdf)                    date: 2014-10-17 02:06:06
(epstopdf)                    size: 25361 bytes
(epstopdf)             Command: <repstopdf --outfile=CUDA_FCSD_block_diagram-ep
s-converted-to.pdf CUDA_FCSD_block_diagram.eps>
(epstopdf)             \includegraphics on input line 640.
Package epstopdf Info: Output file is already uptodate.

<CUDA_FCSD_block_diagram-eps-converted-to.pdf, id=71, 204.765pt x 420.57124pt>
File: CUDA_FCSD_block_diagram-eps-converted-to.pdf Graphic file (type pdf)

<use CUDA_FCSD_block_diagram-eps-converted-to.pdf>
Package pdftex.def Info: CUDA_FCSD_block_diagram-eps-converted-to.pdf used on i
nput line 640.
(pdftex.def)             Requested size: 163.8122pt x 336.45746pt.

Underfull \hbox (badness 10000) in paragraph at lines 645--647

 []

[14] [15 <./CUDA_FCSD_block_diagram-eps-converted-to.pdf>]
Underfull \hbox (badness 10000) in paragraph at lines 652--655

 []


Underfull \hbox (badness 10000) in paragraph at lines 678--678
[]|\OT1/cmr/m/n/12 R/W op-er-a-
 []


Overfull \hbox (69.40602pt too wide) in paragraph at lines 674--683
 [][] 
 []

[16] [17]
Package epstopdf Info: Source file: <coalescing_global_memory.eps>
(epstopdf)                    date: 2014-10-17 01:23:50
(epstopdf)                    size: 2829876 bytes
(epstopdf)             Output file: <coalescing_global_memory-eps-converted-to.
pdf>
(epstopdf)                    date: 2014-10-17 01:37:24
(epstopdf)                    size: 60305 bytes
(epstopdf)             Command: <repstopdf --outfile=coalescing_global_memory-e
ps-converted-to.pdf coalescing_global_memory.eps>
(epstopdf)             \includegraphics on input line 690.
Package epstopdf Info: Output file is already uptodate.

<coalescing_global_memory-eps-converted-to.pdf, id=88, 605.26125pt x 435.6275pt
>
File: coalescing_global_memory-eps-converted-to.pdf Graphic file (type pdf)
 <use coalescing_global_memory-eps-converted-to.pdf>
Package pdftex.def Info: coalescing_global_memory-eps-converted-to.pdf used on 
input line 690.
(pdftex.def)             Requested size: 381.31659pt x 274.44678pt.
 [18] [19] [20 <./coalescing_global_memory-eps-converted-to.pdf>]
Underfull \hbox (badness 10000) in paragraph at lines 702--705

 []

[21] [22] [23] (./draft.bbl [24]) [25] (./draft.aux)

LaTeX Warning: There were undefined references.

 ) 
Here is how much of TeX's memory you used:
 4333 strings out of 493326
 63457 string characters out of 6140501
 132200 words of memory out of 5000000
 7680 multiletter control sequences out of 15000+600000
 15928 words of font info for 60 fonts, out of 8000000 for 9000
 953 hyphenation exceptions out of 8191
 38i,14n,38p,1537b,368s stack positions out of 5000i,500n,10000p,200000b,80000s
</usr/share/texlive/texmf-dist/fonts/type1/public/amsfonts/cm/cmbx10.pfb></us
r/share/texlive/texmf-dist/fonts/type1/public/amsfonts/cm/cmbx12.pfb></usr/shar
e/texlive/texmf-dist/fonts/type1/public/amsfonts/cm/cmex10.pfb></usr/share/texl
ive/texmf-dist/fonts/type1/public/amsfonts/cm/cmmi12.pfb></usr/share/texlive/te
xmf-dist/fonts/type1/public/amsfonts/cm/cmmi6.pfb></usr/share/texlive/texmf-dis
t/fonts/type1/public/amsfonts/cm/cmmi8.pfb></usr/share/texlive/texmf-dist/fonts
/type1/public/amsfonts/cm/cmr10.pfb></usr/share/texlive/texmf-dist/fonts/type1/
public/amsfonts/cm/cmr12.pfb></usr/share/texlive/texmf-dist/fonts/type1/public/
amsfonts/cm/cmr17.pfb></usr/share/texlive/texmf-dist/fonts/type1/public/amsfont
s/cm/cmr6.pfb></usr/share/texlive/texmf-dist/fonts/type1/public/amsfonts/cm/cmr
8.pfb></usr/share/texlive/texmf-dist/fonts/type1/public/amsfonts/cm/cmsy10.pfb>
</usr/share/texlive/texmf-dist/fonts/type1/public/amsfonts/cm/cmsy8.pfb></usr/s
hare/texlive/texmf-dist/fonts/type1/public/amsfonts/cm/cmti12.pfb></usr/share/t
exlive/texmf-dist/fonts/type1/public/amsfonts/cm/cmti8.pfb></usr/share/texlive/
texmf-dist/fonts/type1/public/amsfonts/symbols/msbm10.pfb>
Output written on draft.pdf (25 pages, 464554 bytes).
PDF statistics:
 170 PDF objects out of 1000 (max. 8388607)
 115 compressed objects within 2 object streams
 0 named destinations out of 1000 (max. 500000)
 26 words of extra memory for PDF output out of 10000 (max. 10000000)

